{"C:\\Users\\Abhijit.Patel\\Documents\\Step_up\\backend_ecommerce\\src\\app.js": {"path":"C:\\Users\\Abhijit.Patel\\Documents\\Step_up\\backend_ecommerce\\src\\app.js","statementMap":{"0":{"start":{"line":1,"column":16},"end":{"line":1,"column":34}},"1":{"start":{"line":2,"column":13},"end":{"line":2,"column":28}},"2":{"start":{"line":3,"column":15},"end":{"line":3,"column":32}},"3":{"start":{"line":4,"column":18},"end":{"line":4,"column":40}},"4":{"start":{"line":5,"column":19},"end":{"line":5,"column":49}},"5":{"start":{"line":6,"column":22},"end":{"line":6,"column":55}},"6":{"start":{"line":7,"column":19},"end":{"line":7,"column":49}},"7":{"start":{"line":8,"column":23},"end":{"line":8,"column":57}},"8":{"start":{"line":9,"column":21},"end":{"line":9,"column":45}},"9":{"start":{"line":13,"column":0},"end":{"line":13,"column":16}},"10":{"start":{"line":14,"column":0},"end":{"line":14,"column":12}},"11":{"start":{"line":16,"column":12},"end":{"line":16,"column":21}},"12":{"start":{"line":17,"column":0},"end":{"line":17,"column":16}},"13":{"start":{"line":18,"column":0},"end":{"line":18,"column":24}},"14":{"start":{"line":19,"column":0},"end":{"line":19,"column":24}},"15":{"start":{"line":21,"column":0},"end":{"line":23,"column":2}},"16":{"start":{"line":22,"column":4},"end":{"line":22,"column":44}},"17":{"start":{"line":25,"column":0},"end":{"line":25,"column":33}},"18":{"start":{"line":26,"column":0},"end":{"line":26,"column":40}},"19":{"start":{"line":27,"column":0},"end":{"line":27,"column":33}},"20":{"start":{"line":28,"column":0},"end":{"line":28,"column":38}},"21":{"start":{"line":30,"column":0},"end":{"line":30,"column":21}}},"fnMap":{"0":{"name":"(anonymous_0)","decl":{"start":{"line":21,"column":13},"end":{"line":21,"column":14}},"loc":{"start":{"line":21,"column":27},"end":{"line":23,"column":1}},"line":21}},"branchMap":{},"s":{"0":2,"1":2,"2":2,"3":2,"4":2,"5":2,"6":2,"7":2,"8":2,"9":2,"10":2,"11":2,"12":2,"13":2,"14":2,"15":2,"16":0,"17":2,"18":2,"19":2,"20":2,"21":2},"f":{"0":0},"b":{},"_coverageSchema":"1a1c01bbd47fc00a2c39e90264f33305004495a9","hash":"53a056e9a1bced0ac6e069d3c2acb847cd53acb4"}
,"C:\\Users\\Abhijit.Patel\\Documents\\Step_up\\backend_ecommerce\\src\\config\\db.js": {"path":"C:\\Users\\Abhijit.Patel\\Documents\\Step_up\\backend_ecommerce\\src\\config\\db.js","statementMap":{"0":{"start":{"line":1,"column":17},"end":{"line":1,"column":36}},"1":{"start":{"line":2,"column":15},"end":{"line":2,"column":32}},"2":{"start":{"line":4,"column":0},"end":{"line":4,"column":16}},"3":{"start":{"line":6,"column":18},"end":{"line":14,"column":1}},"4":{"start":{"line":7,"column":2},"end":{"line":13,"column":3}},"5":{"start":{"line":8,"column":4},"end":{"line":8,"column":52}},"6":{"start":{"line":9,"column":4},"end":{"line":9,"column":50}},"7":{"start":{"line":11,"column":4},"end":{"line":11,"column":54}},"8":{"start":{"line":12,"column":4},"end":{"line":12,"column":20}},"9":{"start":{"line":16,"column":0},"end":{"line":16,"column":27}}},"fnMap":{"0":{"name":"(anonymous_0)","decl":{"start":{"line":6,"column":18},"end":{"line":6,"column":19}},"loc":{"start":{"line":6,"column":30},"end":{"line":14,"column":1}},"line":6}},"branchMap":{},"s":{"0":2,"1":2,"2":2,"3":2,"4":2,"5":2,"6":2,"7":0,"8":0,"9":2},"f":{"0":2},"b":{},"_coverageSchema":"1a1c01bbd47fc00a2c39e90264f33305004495a9","hash":"b658009070f4f0b26db7d8c5105878c467ced3d7"}
,"C:\\Users\\Abhijit.Patel\\Documents\\Step_up\\backend_ecommerce\\src\\config\\jwt.js": {"path":"C:\\Users\\Abhijit.Patel\\Documents\\Step_up\\backend_ecommerce\\src\\config\\jwt.js","statementMap":{"0":{"start":{"line":1,"column":12},"end":{"line":1,"column":35}},"1":{"start":{"line":2,"column":15},"end":{"line":2,"column":32}},"2":{"start":{"line":4,"column":0},"end":{"line":4,"column":16}},"3":{"start":{"line":6,"column":22},"end":{"line":10,"column":1}},"4":{"start":{"line":7,"column":2},"end":{"line":9,"column":5}},"5":{"start":{"line":12,"column":20},"end":{"line":14,"column":1}},"6":{"start":{"line":13,"column":2},"end":{"line":13,"column":51}},"7":{"start":{"line":16,"column":0},"end":{"line":16,"column":48}}},"fnMap":{"0":{"name":"(anonymous_0)","decl":{"start":{"line":6,"column":22},"end":{"line":6,"column":23}},"loc":{"start":{"line":6,"column":34},"end":{"line":10,"column":1}},"line":6},"1":{"name":"(anonymous_1)","decl":{"start":{"line":12,"column":20},"end":{"line":12,"column":21}},"loc":{"start":{"line":12,"column":31},"end":{"line":14,"column":1}},"line":12}},"branchMap":{},"s":{"0":2,"1":2,"2":2,"3":2,"4":3,"5":2,"6":5,"7":2},"f":{"0":3,"1":5},"b":{},"_coverageSchema":"1a1c01bbd47fc00a2c39e90264f33305004495a9","hash":"2f1b75aa67864f6d8de71a672922a481455f6f27"}
,"C:\\Users\\Abhijit.Patel\\Documents\\Step_up\\backend_ecommerce\\src\\controllers\\authController.js": {"path":"C:\\Users\\Abhijit.Patel\\Documents\\Step_up\\backend_ecommerce\\src\\controllers\\authController.js","statementMap":{"0":{"start":{"line":1,"column":13},"end":{"line":1,"column":38}},"1":{"start":{"line":2,"column":26},"end":{"line":2,"column":50}},"2":{"start":{"line":4,"column":26},"end":{"line":4,"column":28}},"3":{"start":{"line":6,"column":15},"end":{"line":16,"column":1}},"4":{"start":{"line":7,"column":33},"end":{"line":7,"column":41}},"5":{"start":{"line":8,"column":2},"end":{"line":15,"column":3}},"6":{"start":{"line":9,"column":17},"end":{"line":9,"column":49}},"7":{"start":{"line":10,"column":4},"end":{"line":10,"column":22}},"8":{"start":{"line":11,"column":18},"end":{"line":11,"column":41}},"9":{"start":{"line":12,"column":4},"end":{"line":12,"column":36}},"10":{"start":{"line":14,"column":4},"end":{"line":14,"column":51}},"11":{"start":{"line":18,"column":14},"end":{"line":31,"column":1}},"12":{"start":{"line":19,"column":33},"end":{"line":19,"column":41}},"13":{"start":{"line":20,"column":2},"end":{"line":30,"column":3}},"14":{"start":{"line":21,"column":17},"end":{"line":21,"column":49}},"15":{"start":{"line":23,"column":4},"end":{"line":25,"column":5}},"16":{"start":{"line":24,"column":6},"end":{"line":24,"column":45}},"17":{"start":{"line":26,"column":18},"end":{"line":26,"column":41}},"18":{"start":{"line":27,"column":4},"end":{"line":27,"column":49}},"19":{"start":{"line":29,"column":4},"end":{"line":29,"column":51}},"20":{"start":{"line":33,"column":15},"end":{"line":43,"column":1}},"21":{"start":{"line":34,"column":2},"end":{"line":42,"column":3}},"22":{"start":{"line":35,"column":18},"end":{"line":35,"column":69}},"23":{"start":{"line":36,"column":4},"end":{"line":36,"column":75}},"24":{"start":{"line":36,"column":16},"end":{"line":36,"column":75}},"25":{"start":{"line":37,"column":4},"end":{"line":37,"column":34}},"26":{"start":{"line":39,"column":4},"end":{"line":39,"column":53}},"27":{"start":{"line":41,"column":4},"end":{"line":41,"column":51}},"28":{"start":{"line":45,"column":0},"end":{"line":45,"column":62}}},"fnMap":{"0":{"name":"(anonymous_0)","decl":{"start":{"line":6,"column":15},"end":{"line":6,"column":16}},"loc":{"start":{"line":6,"column":35},"end":{"line":16,"column":1}},"line":6},"1":{"name":"(anonymous_1)","decl":{"start":{"line":18,"column":14},"end":{"line":18,"column":15}},"loc":{"start":{"line":18,"column":34},"end":{"line":31,"column":1}},"line":18},"2":{"name":"(anonymous_2)","decl":{"start":{"line":33,"column":15},"end":{"line":33,"column":16}},"loc":{"start":{"line":33,"column":35},"end":{"line":43,"column":1}},"line":33}},"branchMap":{"0":{"loc":{"start":{"line":23,"column":4},"end":{"line":25,"column":5}},"type":"if","locations":[{"start":{"line":23,"column":4},"end":{"line":25,"column":5}},{"start":{},"end":{}}],"line":23},"1":{"loc":{"start":{"line":23,"column":8},"end":{"line":23,"column":54}},"type":"binary-expr","locations":[{"start":{"line":23,"column":8},"end":{"line":23,"column":13}},{"start":{"line":23,"column":17},"end":{"line":23,"column":54}}],"line":23},"2":{"loc":{"start":{"line":36,"column":4},"end":{"line":36,"column":75}},"type":"if","locations":[{"start":{"line":36,"column":4},"end":{"line":36,"column":75}},{"start":{},"end":{}}],"line":36}},"s":{"0":2,"1":2,"2":2,"3":2,"4":2,"5":2,"6":2,"7":2,"8":1,"9":1,"10":1,"11":2,"12":2,"13":2,"14":2,"15":2,"16":1,"17":1,"18":1,"19":1,"20":2,"21":2,"22":2,"23":2,"24":1,"25":1,"26":1,"27":0,"28":2},"f":{"0":2,"1":2,"2":2},"b":{"0":[1,1],"1":[2,2],"2":[1,1]},"_coverageSchema":"1a1c01bbd47fc00a2c39e90264f33305004495a9","hash":"8db1b98b07723990d880f40d268fe35e13b83cae"}
,"C:\\Users\\Abhijit.Patel\\Documents\\Step_up\\backend_ecommerce\\src\\controllers\\cartController.js": {"path":"C:\\Users\\Abhijit.Patel\\Documents\\Step_up\\backend_ecommerce\\src\\controllers\\cartController.js","statementMap":{"0":{"start":{"line":1,"column":13},"end":{"line":1,"column":38}},"1":{"start":{"line":2,"column":16},"end":{"line":2,"column":44}},"2":{"start":{"line":4,"column":18},"end":{"line":29,"column":1}},"3":{"start":{"line":5,"column":32},"end":{"line":5,"column":40}},"4":{"start":{"line":6,"column":2},"end":{"line":6,"column":32}},"5":{"start":{"line":7,"column":17},"end":{"line":7,"column":28}},"6":{"start":{"line":9,"column":2},"end":{"line":28,"column":3}},"7":{"start":{"line":10,"column":20},"end":{"line":10,"column":53}},"8":{"start":{"line":11,"column":4},"end":{"line":11,"column":55}},"9":{"start":{"line":11,"column":18},"end":{"line":11,"column":55}},"10":{"start":{"line":13,"column":15},"end":{"line":13,"column":45}},"11":{"start":{"line":14,"column":4},"end":{"line":14,"column":57}},"12":{"start":{"line":14,"column":15},"end":{"line":14,"column":57}},"13":{"start":{"line":16,"column":25},"end":{"line":16,"column":93}},"14":{"start":{"line":16,"column":56},"end":{"line":16,"column":92}},"15":{"start":{"line":17,"column":4},"end":{"line":21,"column":5}},"16":{"start":{"line":18,"column":6},"end":{"line":18,"column":55}},"17":{"start":{"line":20,"column":6},"end":{"line":20,"column":50}},"18":{"start":{"line":23,"column":4},"end":{"line":23,"column":48}},"19":{"start":{"line":24,"column":4},"end":{"line":24,"column":22}},"20":{"start":{"line":25,"column":4},"end":{"line":25,"column":19}},"21":{"start":{"line":27,"column":4},"end":{"line":27,"column":51}},"22":{"start":{"line":31,"column":23},"end":{"line":57,"column":1}},"23":{"start":{"line":32,"column":34},"end":{"line":32,"column":42}},"24":{"start":{"line":33,"column":17},"end":{"line":33,"column":28}},"25":{"start":{"line":35,"column":2},"end":{"line":56,"column":3}},"26":{"start":{"line":36,"column":15},"end":{"line":36,"column":45}},"27":{"start":{"line":37,"column":4},"end":{"line":37,"column":49}},"28":{"start":{"line":37,"column":15},"end":{"line":37,"column":49}},"29":{"start":{"line":39,"column":25},"end":{"line":39,"column":93}},"30":{"start":{"line":39,"column":56},"end":{"line":39,"column":92}},"31":{"start":{"line":40,"column":4},"end":{"line":40,"column":74}},"32":{"start":{"line":40,"column":29},"end":{"line":40,"column":74}},"33":{"start":{"line":41,"column":20},"end":{"line":41,"column":47}},"34":{"start":{"line":42,"column":27},"end":{"line":42,"column":68}},"35":{"start":{"line":44,"column":4},"end":{"line":44,"column":33}},"36":{"start":{"line":46,"column":4},"end":{"line":48,"column":5}},"37":{"start":{"line":47,"column":6},"end":{"line":47,"column":44}},"38":{"start":{"line":49,"column":4},"end":{"line":49,"column":55}},"39":{"start":{"line":50,"column":4},"end":{"line":50,"column":49}},"40":{"start":{"line":50,"column":29},"end":{"line":50,"column":49}},"41":{"start":{"line":52,"column":4},"end":{"line":52,"column":22}},"42":{"start":{"line":53,"column":4},"end":{"line":53,"column":19}},"43":{"start":{"line":55,"column":4},"end":{"line":55,"column":51}},"44":{"start":{"line":60,"column":0},"end":{"line":60,"column":47}}},"fnMap":{"0":{"name":"(anonymous_0)","decl":{"start":{"line":4,"column":18},"end":{"line":4,"column":19}},"loc":{"start":{"line":4,"column":38},"end":{"line":29,"column":1}},"line":4},"1":{"name":"(anonymous_1)","decl":{"start":{"line":16,"column":49},"end":{"line":16,"column":50}},"loc":{"start":{"line":16,"column":56},"end":{"line":16,"column":92}},"line":16},"2":{"name":"(anonymous_2)","decl":{"start":{"line":31,"column":23},"end":{"line":31,"column":24}},"loc":{"start":{"line":31,"column":43},"end":{"line":57,"column":1}},"line":31},"3":{"name":"(anonymous_3)","decl":{"start":{"line":39,"column":49},"end":{"line":39,"column":50}},"loc":{"start":{"line":39,"column":56},"end":{"line":39,"column":92}},"line":39}},"branchMap":{"0":{"loc":{"start":{"line":11,"column":4},"end":{"line":11,"column":55}},"type":"if","locations":[{"start":{"line":11,"column":4},"end":{"line":11,"column":55}},{"start":{},"end":{}}],"line":11},"1":{"loc":{"start":{"line":14,"column":4},"end":{"line":14,"column":57}},"type":"if","locations":[{"start":{"line":14,"column":4},"end":{"line":14,"column":57}},{"start":{},"end":{}}],"line":14},"2":{"loc":{"start":{"line":17,"column":4},"end":{"line":21,"column":5}},"type":"if","locations":[{"start":{"line":17,"column":4},"end":{"line":21,"column":5}},{"start":{"line":19,"column":11},"end":{"line":21,"column":5}}],"line":17},"3":{"loc":{"start":{"line":37,"column":4},"end":{"line":37,"column":49}},"type":"if","locations":[{"start":{"line":37,"column":4},"end":{"line":37,"column":49}},{"start":{},"end":{}}],"line":37},"4":{"loc":{"start":{"line":40,"column":4},"end":{"line":40,"column":74}},"type":"if","locations":[{"start":{"line":40,"column":4},"end":{"line":40,"column":74}},{"start":{},"end":{}}],"line":40},"5":{"loc":{"start":{"line":46,"column":4},"end":{"line":48,"column":5}},"type":"if","locations":[{"start":{"line":46,"column":4},"end":{"line":48,"column":5}},{"start":{},"end":{}}],"line":46},"6":{"loc":{"start":{"line":50,"column":4},"end":{"line":50,"column":49}},"type":"if","locations":[{"start":{"line":50,"column":4},"end":{"line":50,"column":49}},{"start":{},"end":{}}],"line":50}},"s":{"0":2,"1":2,"2":2,"3":2,"4":2,"5":2,"6":2,"7":2,"8":2,"9":0,"10":2,"11":2,"12":1,"13":2,"14":1,"15":2,"16":1,"17":1,"18":2,"19":2,"20":2,"21":0,"22":2,"23":3,"24":3,"25":3,"26":3,"27":3,"28":0,"29":3,"30":2,"31":3,"32":1,"33":2,"34":2,"35":2,"36":2,"37":1,"38":2,"39":2,"40":0,"41":2,"42":2,"43":1,"44":2},"f":{"0":2,"1":1,"2":3,"3":2},"b":{"0":[0,2],"1":[1,1],"2":[1,1],"3":[0,3],"4":[1,2],"5":[1,1],"6":[0,2]},"_coverageSchema":"1a1c01bbd47fc00a2c39e90264f33305004495a9","hash":"62016ebca5962a94450c990e95f3cff6581479dd"}
,"C:\\Users\\Abhijit.Patel\\Documents\\Step_up\\backend_ecommerce\\src\\controllers\\checkoutController.js": {"path":"C:\\Users\\Abhijit.Patel\\Documents\\Step_up\\backend_ecommerce\\src\\controllers\\checkoutController.js","statementMap":{"0":{"start":{"line":1,"column":16},"end":{"line":1,"column":34}},"1":{"start":{"line":2,"column":14},"end":{"line":2,"column":40}},"2":{"start":{"line":3,"column":13},"end":{"line":3,"column":38}},"3":{"start":{"line":5,"column":15},"end":{"line":5,"column":31}},"4":{"start":{"line":8,"column":19},"end":{"line":32,"column":1}},"5":{"start":{"line":9,"column":2},"end":{"line":31,"column":3}},"6":{"start":{"line":10,"column":19},"end":{"line":10,"column":30}},"7":{"start":{"line":11,"column":17},"end":{"line":11,"column":47}},"8":{"start":{"line":13,"column":4},"end":{"line":15,"column":5}},"9":{"start":{"line":14,"column":6},"end":{"line":14,"column":64}},"10":{"start":{"line":17,"column":21},"end":{"line":17,"column":36}},"11":{"start":{"line":18,"column":21},"end":{"line":22,"column":6}},"12":{"start":{"line":24,"column":4},"end":{"line":24,"column":26}},"13":{"start":{"line":26,"column":4},"end":{"line":26,"column":44}},"14":{"start":{"line":28,"column":4},"end":{"line":28,"column":84}},"15":{"start":{"line":30,"column":4},"end":{"line":30,"column":51}},"16":{"start":{"line":34,"column":0},"end":{"line":34,"column":32}}},"fnMap":{"0":{"name":"(anonymous_0)","decl":{"start":{"line":8,"column":19},"end":{"line":8,"column":20}},"loc":{"start":{"line":8,"column":39},"end":{"line":32,"column":1}},"line":8}},"branchMap":{"0":{"loc":{"start":{"line":13,"column":4},"end":{"line":15,"column":5}},"type":"if","locations":[{"start":{"line":13,"column":4},"end":{"line":15,"column":5}},{"start":{},"end":{}}],"line":13},"1":{"loc":{"start":{"line":13,"column":8},"end":{"line":13,"column":43}},"type":"binary-expr","locations":[{"start":{"line":13,"column":8},"end":{"line":13,"column":13}},{"start":{"line":13,"column":17},"end":{"line":13,"column":43}}],"line":13}},"s":{"0":3,"1":3,"2":3,"3":3,"4":3,"5":4,"6":4,"7":4,"8":3,"9":2,"10":1,"11":1,"12":1,"13":1,"14":1,"15":1,"16":3},"f":{"0":4},"b":{"0":[2,1],"1":[3,2]},"_coverageSchema":"1a1c01bbd47fc00a2c39e90264f33305004495a9","hash":"0c01cb9096bde145be987fd169840ea26f122b05"}
,"C:\\Users\\Abhijit.Patel\\Documents\\Step_up\\backend_ecommerce\\src\\controllers\\productController.js": {"path":"C:\\Users\\Abhijit.Patel\\Documents\\Step_up\\backend_ecommerce\\src\\controllers\\productController.js","statementMap":{"0":{"start":{"line":1,"column":16},"end":{"line":1,"column":44}},"1":{"start":{"line":3,"column":20},"end":{"line":17,"column":1}},"2":{"start":{"line":4,"column":29},"end":{"line":4,"column":38}},"3":{"start":{"line":5,"column":14},"end":{"line":5,"column":16}},"4":{"start":{"line":6,"column":2},"end":{"line":6,"column":42}},"5":{"start":{"line":6,"column":16},"end":{"line":6,"column":42}},"6":{"start":{"line":7,"column":20},"end":{"line":7,"column":22}},"7":{"start":{"line":8,"column":2},"end":{"line":8,"column":44}},"8":{"start":{"line":8,"column":22},"end":{"line":8,"column":44}},"9":{"start":{"line":9,"column":2},"end":{"line":9,"column":46}},"10":{"start":{"line":9,"column":23},"end":{"line":9,"column":46}},"11":{"start":{"line":11,"column":2},"end":{"line":16,"column":3}},"12":{"start":{"line":12,"column":21},"end":{"line":12,"column":64}},"13":{"start":{"line":13,"column":4},"end":{"line":13,"column":23}},"14":{"start":{"line":15,"column":4},"end":{"line":15,"column":51}},"15":{"start":{"line":19,"column":0},"end":{"line":19,"column":33}}},"fnMap":{"0":{"name":"(anonymous_0)","decl":{"start":{"line":3,"column":20},"end":{"line":3,"column":21}},"loc":{"start":{"line":3,"column":40},"end":{"line":17,"column":1}},"line":3}},"branchMap":{"0":{"loc":{"start":{"line":6,"column":2},"end":{"line":6,"column":42}},"type":"if","locations":[{"start":{"line":6,"column":2},"end":{"line":6,"column":42}},{"start":{},"end":{}}],"line":6},"1":{"loc":{"start":{"line":8,"column":2},"end":{"line":8,"column":44}},"type":"if","locations":[{"start":{"line":8,"column":2},"end":{"line":8,"column":44}},{"start":{},"end":{}}],"line":8},"2":{"loc":{"start":{"line":9,"column":2},"end":{"line":9,"column":46}},"type":"if","locations":[{"start":{"line":9,"column":2},"end":{"line":9,"column":46}},{"start":{},"end":{}}],"line":9}},"s":{"0":3,"1":3,"2":2,"3":2,"4":2,"5":0,"6":2,"7":2,"8":0,"9":2,"10":0,"11":2,"12":2,"13":1,"14":1,"15":3},"f":{"0":2},"b":{"0":[0,2],"1":[0,2],"2":[0,2]},"_coverageSchema":"1a1c01bbd47fc00a2c39e90264f33305004495a9","hash":"8fc825cbdbe99e949f9d5a63ece94f8a424055a6"}
,"C:\\Users\\Abhijit.Patel\\Documents\\Step_up\\backend_ecommerce\\src\\middleware\\authMiddleware.js": {"path":"C:\\Users\\Abhijit.Patel\\Documents\\Step_up\\backend_ecommerce\\src\\middleware\\authMiddleware.js","statementMap":{"0":{"start":{"line":1,"column":24},"end":{"line":1,"column":48}},"1":{"start":{"line":2,"column":30},"end":{"line":2,"column":70}},"2":{"start":{"line":4,"column":23},"end":{"line":16,"column":1}},"3":{"start":{"line":5,"column":16},"end":{"line":5,"column":67}},"4":{"start":{"line":6,"column":2},"end":{"line":6,"column":70}},"5":{"start":{"line":6,"column":14},"end":{"line":6,"column":70}},"6":{"start":{"line":7,"column":2},"end":{"line":7,"column":102}},"7":{"start":{"line":7,"column":41},"end":{"line":7,"column":102}},"8":{"start":{"line":9,"column":2},"end":{"line":15,"column":3}},"9":{"start":{"line":10,"column":20},"end":{"line":10,"column":38}},"10":{"start":{"line":11,"column":4},"end":{"line":11,"column":23}},"11":{"start":{"line":12,"column":4},"end":{"line":12,"column":11}},"12":{"start":{"line":14,"column":4},"end":{"line":14,"column":53}},"13":{"start":{"line":18,"column":0},"end":{"line":18,"column":32}}},"fnMap":{"0":{"name":"(anonymous_0)","decl":{"start":{"line":4,"column":23},"end":{"line":4,"column":24}},"loc":{"start":{"line":4,"column":49},"end":{"line":16,"column":1}},"line":4}},"branchMap":{"0":{"loc":{"start":{"line":6,"column":2},"end":{"line":6,"column":70}},"type":"if","locations":[{"start":{"line":6,"column":2},"end":{"line":6,"column":70}},{"start":{},"end":{}}],"line":6},"1":{"loc":{"start":{"line":7,"column":2},"end":{"line":7,"column":102}},"type":"if","locations":[{"start":{"line":7,"column":2},"end":{"line":7,"column":102}},{"start":{},"end":{}}],"line":7}},"s":{"0":3,"1":3,"2":3,"3":9,"4":9,"5":1,"6":8,"7":1,"8":7,"9":7,"10":6,"11":6,"12":1,"13":3},"f":{"0":9},"b":{"0":[1,8],"1":[1,7]},"_coverageSchema":"1a1c01bbd47fc00a2c39e90264f33305004495a9","hash":"8d6bce5edf9b168fd0e60313e4db0d8bc489f37c"}
,"C:\\Users\\Abhijit.Patel\\Documents\\Step_up\\backend_ecommerce\\src\\models\\Cart.js": {"path":"C:\\Users\\Abhijit.Patel\\Documents\\Step_up\\backend_ecommerce\\src\\models\\Cart.js","statementMap":{"0":{"start":{"line":1,"column":17},"end":{"line":1,"column":36}},"1":{"start":{"line":3,"column":19},"end":{"line":12,"column":2}},"2":{"start":{"line":14,"column":0},"end":{"line":14,"column":52}}},"fnMap":{},"branchMap":{},"s":{"0":3,"1":3,"2":3},"f":{},"b":{},"_coverageSchema":"1a1c01bbd47fc00a2c39e90264f33305004495a9","hash":"afc30caf517e08163a7329c4892b036c4567aea0"}
,"C:\\Users\\Abhijit.Patel\\Documents\\Step_up\\backend_ecommerce\\src\\models\\Order.js": {"path":"C:\\Users\\Abhijit.Patel\\Documents\\Step_up\\backend_ecommerce\\src\\models\\Order.js","statementMap":{"0":{"start":{"line":1,"column":17},"end":{"line":1,"column":36}},"1":{"start":{"line":3,"column":20},"end":{"line":8,"column":2}},"2":{"start":{"line":10,"column":14},"end":{"line":10,"column":50}},"3":{"start":{"line":11,"column":0},"end":{"line":11,"column":23}}},"fnMap":{},"branchMap":{},"s":{"0":3,"1":3,"2":3,"3":3},"f":{},"b":{},"_coverageSchema":"1a1c01bbd47fc00a2c39e90264f33305004495a9","hash":"74bfb05edddd49fce5fccea257e70d95da6ca379"}
,"C:\\Users\\Abhijit.Patel\\Documents\\Step_up\\backend_ecommerce\\src\\models\\Product.js": {"path":"C:\\Users\\Abhijit.Patel\\Documents\\Step_up\\backend_ecommerce\\src\\models\\Product.js","statementMap":{"0":{"start":{"line":1,"column":17},"end":{"line":1,"column":36}},"1":{"start":{"line":3,"column":22},"end":{"line":7,"column":2}},"2":{"start":{"line":9,"column":0},"end":{"line":9,"column":58}}},"fnMap":{},"branchMap":{},"s":{"0":3,"1":3,"2":3},"f":{},"b":{},"_coverageSchema":"1a1c01bbd47fc00a2c39e90264f33305004495a9","hash":"b9fa918771df7d840c57baf31a6792fea6105282"}
,"C:\\Users\\Abhijit.Patel\\Documents\\Step_up\\backend_ecommerce\\src\\models\\User.js": {"path":"C:\\Users\\Abhijit.Patel\\Documents\\Step_up\\backend_ecommerce\\src\\models\\User.js","statementMap":{"0":{"start":{"line":1,"column":17},"end":{"line":1,"column":36}},"1":{"start":{"line":2,"column":15},"end":{"line":2,"column":34}},"2":{"start":{"line":4,"column":19},"end":{"line":7,"column":2}},"3":{"start":{"line":9,"column":0},"end":{"line":14,"column":3}},"4":{"start":{"line":10,"column":2},"end":{"line":12,"column":3}},"5":{"start":{"line":11,"column":4},"end":{"line":11,"column":57}},"6":{"start":{"line":13,"column":2},"end":{"line":13,"column":9}},"7":{"start":{"line":16,"column":0},"end":{"line":18,"column":2}},"8":{"start":{"line":17,"column":2},"end":{"line":17,"column":51}},"9":{"start":{"line":20,"column":0},"end":{"line":20,"column":52}}},"fnMap":{"0":{"name":"(anonymous_0)","decl":{"start":{"line":9,"column":23},"end":{"line":9,"column":24}},"loc":{"start":{"line":9,"column":45},"end":{"line":14,"column":1}},"line":9},"1":{"name":"(anonymous_1)","decl":{"start":{"line":16,"column":35},"end":{"line":16,"column":36}},"loc":{"start":{"line":16,"column":57},"end":{"line":18,"column":1}},"line":16}},"branchMap":{"0":{"loc":{"start":{"line":10,"column":2},"end":{"line":12,"column":3}},"type":"if","locations":[{"start":{"line":10,"column":2},"end":{"line":12,"column":3}},{"start":{},"end":{}}],"line":10}},"s":{"0":2,"1":2,"2":2,"3":2,"4":3,"5":3,"6":3,"7":2,"8":2,"9":2},"f":{"0":3,"1":2},"b":{"0":[3,0]},"_coverageSchema":"1a1c01bbd47fc00a2c39e90264f33305004495a9","hash":"95326895d83fe792be3ad289f4eb418b39b1f731"}
,"C:\\Users\\Abhijit.Patel\\Documents\\Step_up\\backend_ecommerce\\src\\routes\\authRoutes.js": {"path":"C:\\Users\\Abhijit.Patel\\Documents\\Step_up\\backend_ecommerce\\src\\routes\\authRoutes.js","statementMap":{"0":{"start":{"line":1,"column":16},"end":{"line":1,"column":34}},"1":{"start":{"line":2,"column":34},"end":{"line":2,"column":74}},"2":{"start":{"line":4,"column":15},"end":{"line":4,"column":31}},"3":{"start":{"line":6,"column":0},"end":{"line":6,"column":31}},"4":{"start":{"line":7,"column":0},"end":{"line":7,"column":29}},"5":{"start":{"line":8,"column":0},"end":{"line":8,"column":31}},"6":{"start":{"line":10,"column":0},"end":{"line":10,"column":24}}},"fnMap":{},"branchMap":{},"s":{"0":2,"1":2,"2":2,"3":2,"4":2,"5":2,"6":2},"f":{},"b":{},"_coverageSchema":"1a1c01bbd47fc00a2c39e90264f33305004495a9","hash":"17ffc29914c7235afffb632ec7fe334bbb342fbc"}
,"C:\\Users\\Abhijit.Patel\\Documents\\Step_up\\backend_ecommerce\\src\\routes\\cartRoutes.js": {"path":"C:\\Users\\Abhijit.Patel\\Documents\\Step_up\\backend_ecommerce\\src\\routes\\cartRoutes.js","statementMap":{"0":{"start":{"line":1,"column":16},"end":{"line":1,"column":34}},"1":{"start":{"line":2,"column":23},"end":{"line":2,"column":62}},"2":{"start":{"line":3,"column":38},"end":{"line":3,"column":78}},"3":{"start":{"line":5,"column":15},"end":{"line":5,"column":31}},"4":{"start":{"line":7,"column":0},"end":{"line":7,"column":47}},"5":{"start":{"line":8,"column":0},"end":{"line":8,"column":55}},"6":{"start":{"line":10,"column":0},"end":{"line":10,"column":24}}},"fnMap":{},"branchMap":{},"s":{"0":2,"1":2,"2":2,"3":2,"4":2,"5":2,"6":2},"f":{},"b":{},"_coverageSchema":"1a1c01bbd47fc00a2c39e90264f33305004495a9","hash":"537c97231986428bdef76f62a658bca05c4caff3"}
,"C:\\Users\\Abhijit.Patel\\Documents\\Step_up\\backend_ecommerce\\src\\routes\\checkoutRoutes.js": {"path":"C:\\Users\\Abhijit.Patel\\Documents\\Step_up\\backend_ecommerce\\src\\routes\\checkoutRoutes.js","statementMap":{"0":{"start":{"line":1,"column":16},"end":{"line":1,"column":34}},"1":{"start":{"line":2,"column":23},"end":{"line":2,"column":62}},"2":{"start":{"line":3,"column":23},"end":{"line":3,"column":67}},"3":{"start":{"line":5,"column":15},"end":{"line":5,"column":31}},"4":{"start":{"line":7,"column":0},"end":{"line":7,"column":53}},"5":{"start":{"line":9,"column":0},"end":{"line":9,"column":24}}},"fnMap":{},"branchMap":{},"s":{"0":2,"1":2,"2":2,"3":2,"4":2,"5":2},"f":{},"b":{},"_coverageSchema":"1a1c01bbd47fc00a2c39e90264f33305004495a9","hash":"d48deafdaec7aa752d3db3332b5bf438ee647eed"}
,"C:\\Users\\Abhijit.Patel\\Documents\\Step_up\\backend_ecommerce\\src\\routes\\productRoutes.js": {"path":"C:\\Users\\Abhijit.Patel\\Documents\\Step_up\\backend_ecommerce\\src\\routes\\productRoutes.js","statementMap":{"0":{"start":{"line":1,"column":16},"end":{"line":1,"column":34}},"1":{"start":{"line":2,"column":24},"end":{"line":2,"column":67}},"2":{"start":{"line":3,"column":23},"end":{"line":3,"column":62}},"3":{"start":{"line":5,"column":15},"end":{"line":5,"column":31}},"4":{"start":{"line":7,"column":0},"end":{"line":7,"column":45}},"5":{"start":{"line":9,"column":0},"end":{"line":9,"column":24}}},"fnMap":{},"branchMap":{},"s":{"0":2,"1":2,"2":2,"3":2,"4":2,"5":2},"f":{},"b":{},"_coverageSchema":"1a1c01bbd47fc00a2c39e90264f33305004495a9","hash":"23c201dc406ed19ceef1530a9e1404b296f5649d"}
}
